This file contains any messages produced by compilers while
running configure, to aid debugging if configure makes a mistake.

It was created by  configure , which was
generated by GNU Autoconf 2.61.  Invocation command line was

  $ ./configure 

## --------- ##
## Platform. ##
## --------- ##

hostname = RouterVM
uname -m = i686
uname -r = 2.6.18-4-686
uname -s = Linux
uname -v = #1 SMP Mon Mar 26 17:17:36 UTC 2007

/usr/bin/uname -p = unknown
/bin/uname -X     = unknown

/bin/arch              = i686
/usr/bin/arch -k       = unknown
/usr/convex/getsysinfo = unknown
/usr/bin/hostinfo      = unknown
/bin/machine           = unknown
/usr/bin/oslevel       = unknown
/bin/universe          = unknown

PATH: /usr/local/sbin
PATH: /usr/local/bin
PATH: /usr/sbin
PATH: /usr/bin
PATH: /sbin
PATH: /bin


## ----------- ##
## Core tests. ##
## ----------- ##

configure:1787: checking for a BSD-compatible install
configure:1843: result: /usr/bin/install -c
configure:1854: checking whether build environment is sane
configure:1897: result: yes
configure:1925: checking for a thread-safe mkdir -p
configure:1964: result: /bin/mkdir -p
configure:1977: checking for gawk
configure:2007: result: no
configure:1977: checking for mawk
configure:1993: found /usr/bin/mawk
configure:2004: result: mawk
configure:2015: checking whether make sets $(MAKE)
configure:2036: result: yes
configure:2284: checking for g++
configure:2300: found /usr/bin/g++
configure:2311: result: g++
configure:2342: checking for C++ compiler version
configure:2349: g++ --version >&5
g++ (GCC) 4.1.2 20061115 (prerelease) (Debian 4.1.1-21)
Copyright (C) 2006 Free Software Foundation, Inc.
This is free software; see the source for copying conditions.  There is NO
warranty; not even for MERCHANTABILITY or FITNESS FOR A PARTICULAR PURPOSE.

configure:2352: $? = 0
configure:2359: g++ -v >&5
Using built-in specs.
Target: i486-linux-gnu
Configured with: ../src/configure -v --enable-languages=c,c++,fortran,objc,obj-c++,treelang --prefix=/usr --enable-shared --with-system-zlib --libexecdir=/usr/lib --without-included-gettext --enable-threads=posix --enable-nls --program-suffix=-4.1 --enable-__cxa_atexit --enable-clocale=gnu --enable-libstdcxx-debug --enable-mpfr --with-tune=i686 --enable-checking=release i486-linux-gnu
Thread model: posix
gcc version 4.1.2 20061115 (prerelease) (Debian 4.1.1-21)
configure:2362: $? = 0
configure:2369: g++ -V >&5
g++: '-V' option must have argument
configure:2372: $? = 1
configure:2395: checking for C++ compiler default output file name
configure:2422: g++    conftest.cpp  >&5
configure:2425: $? = 0
configure:2463: result: a.out
configure:2480: checking whether the C++ compiler works
configure:2490: ./a.out
configure:2493: $? = 0
configure:2510: result: yes
configure:2517: checking whether we are cross compiling
configure:2519: result: no
configure:2522: checking for suffix of executables
configure:2529: g++ -o conftest    conftest.cpp  >&5
configure:2532: $? = 0
configure:2556: result: 
configure:2562: checking for suffix of object files
configure:2588: g++ -c   conftest.cpp >&5
configure:2591: $? = 0
configure:2614: result: o
configure:2618: checking whether we are using the GNU C++ compiler
configure:2647: g++ -c   conftest.cpp >&5
configure:2653: $? = 0
configure:2670: result: yes
configure:2675: checking whether g++ accepts -g
configure:2705: g++ -c -g  conftest.cpp >&5
configure:2711: $? = 0
configure:2810: result: yes
configure:2844: checking for style of include used by make
configure:2872: result: GNU
configure:2897: checking dependency style of g++
configure:2988: result: gcc3
configure:3051: checking for gcc
configure:3067: found /usr/bin/gcc
configure:3078: result: gcc
configure:3316: checking for C compiler version
configure:3323: gcc --version >&5
gcc (GCC) 4.1.2 20061115 (prerelease) (Debian 4.1.1-21)
Copyright (C) 2006 Free Software Foundation, Inc.
This is free software; see the source for copying conditions.  There is NO
warranty; not even for MERCHANTABILITY or FITNESS FOR A PARTICULAR PURPOSE.

configure:3326: $? = 0
configure:3333: gcc -v >&5
Using built-in specs.
Target: i486-linux-gnu
Configured with: ../src/configure -v --enable-languages=c,c++,fortran,objc,obj-c++,treelang --prefix=/usr --enable-shared --with-system-zlib --libexecdir=/usr/lib --without-included-gettext --enable-threads=posix --enable-nls --program-suffix=-4.1 --enable-__cxa_atexit --enable-clocale=gnu --enable-libstdcxx-debug --enable-mpfr --with-tune=i686 --enable-checking=release i486-linux-gnu
Thread model: posix
gcc version 4.1.2 20061115 (prerelease) (Debian 4.1.1-21)
configure:3336: $? = 0
configure:3343: gcc -V >&5
gcc: '-V' option must have argument
configure:3346: $? = 1
configure:3349: checking whether we are using the GNU C compiler
configure:3378: gcc -c   conftest.c >&5
configure:3384: $? = 0
configure:3401: result: yes
configure:3406: checking whether gcc accepts -g
configure:3436: gcc -c -g  conftest.c >&5
configure:3442: $? = 0
configure:3541: result: yes
configure:3558: checking for gcc option to accept ISO C89
configure:3632: gcc  -c -g -O2  conftest.c >&5
configure:3638: $? = 0
configure:3661: result: none needed
configure:3681: checking dependency style of gcc
configure:3772: result: gcc3
configure:3790: checking for wol
configure:3806: found /usr/local/bin/wol
configure:3818: result: yes
configure:3832: checking for sudo
configure:3848: found /usr/bin/sudo
configure:3860: result: yes
configure:3874: checking for iptables
configure:3890: found /sbin/iptables
configure:3902: result: yes
configure:3916: checking for ifconfig
configure:3932: found /sbin/ifconfig
configure:3944: result: yes
configure:3965: checking how to run the C preprocessor
configure:4005: gcc -E  conftest.c
configure:4011: $? = 0
configure:4042: gcc -E  conftest.c
conftest.c:10:28: error: ac_nonexistent.h: No such file or directory
configure:4048: $? = 1
configure: failed program was:
| /* confdefs.h.  */
| #define PACKAGE_NAME "$PACKAGE"
| #define PACKAGE_TARNAME "-package"
| #define PACKAGE_VERSION "$VERSION"
| #define PACKAGE_STRING "$PACKAGE $VERSION"
| #define PACKAGE_BUGREPORT "pak9rabid@yahoo.com"
| #define PACKAGE ""
| #define VERSION ""
| /* end confdefs.h.  */
| #include <ac_nonexistent.h>
configure:4081: result: gcc -E
configure:4110: gcc -E  conftest.c
configure:4116: $? = 0
configure:4147: gcc -E  conftest.c
conftest.c:10:28: error: ac_nonexistent.h: No such file or directory
configure:4153: $? = 1
configure: failed program was:
| /* confdefs.h.  */
| #define PACKAGE_NAME "$PACKAGE"
| #define PACKAGE_TARNAME "-package"
| #define PACKAGE_VERSION "$VERSION"
| #define PACKAGE_STRING "$PACKAGE $VERSION"
| #define PACKAGE_BUGREPORT "pak9rabid@yahoo.com"
| #define PACKAGE ""
| #define VERSION ""
| /* end confdefs.h.  */
| #include <ac_nonexistent.h>
configure:4191: checking for grep that handles long lines and -e
configure:4265: result: /bin/grep
configure:4270: checking for egrep
configure:4348: result: /bin/grep -E
configure:4353: checking for ANSI C header files
configure:4383: gcc -c -g -O2  conftest.c >&5
configure:4389: $? = 0
configure:4488: gcc -o conftest -g -O2   conftest.c  >&5
configure:4491: $? = 0
configure:4497: ./conftest
configure:4500: $? = 0
configure:4517: result: yes
configure:4541: checking for sys/types.h
configure:4562: gcc -c -g -O2  conftest.c >&5
configure:4568: $? = 0
configure:4584: result: yes
configure:4541: checking for sys/stat.h
configure:4562: gcc -c -g -O2  conftest.c >&5
configure:4568: $? = 0
configure:4584: result: yes
configure:4541: checking for stdlib.h
configure:4562: gcc -c -g -O2  conftest.c >&5
configure:4568: $? = 0
configure:4584: result: yes
configure:4541: checking for string.h
configure:4562: gcc -c -g -O2  conftest.c >&5
configure:4568: $? = 0
configure:4584: result: yes
configure:4541: checking for memory.h
configure:4562: gcc -c -g -O2  conftest.c >&5
configure:4568: $? = 0
configure:4584: result: yes
configure:4541: checking for strings.h
configure:4562: gcc -c -g -O2  conftest.c >&5
configure:4568: $? = 0
configure:4584: result: yes
configure:4541: checking for inttypes.h
configure:4562: gcc -c -g -O2  conftest.c >&5
configure:4568: $? = 0
configure:4584: result: yes
configure:4541: checking for stdint.h
configure:4562: gcc -c -g -O2  conftest.c >&5
configure:4568: $? = 0
configure:4584: result: yes
configure:4541: checking for unistd.h
configure:4562: gcc -c -g -O2  conftest.c >&5
configure:4568: $? = 0
configure:4584: result: yes
configure:4603: checking for stdlib.h
configure:4609: result: yes
configure:4603: checking for string.h
configure:4609: result: yes
configure:4603: checking for unistd.h
configure:4609: result: yes
configure:4745: checking for stdbool.h that conforms to C99
configure:4838: gcc -c -g -O2  conftest.c >&5
configure:4844: $? = 0
configure:4859: result: yes
configure:4861: checking for _Bool
configure:4891: gcc -c -g -O2  conftest.c >&5
configure:4897: $? = 0
configure:4912: result: yes
configure:4931: checking for an ANSI C-conforming const
configure:5006: gcc -c -g -O2  conftest.c >&5
configure:5012: $? = 0
configure:5027: result: yes
configure:5193: creating ./config.status

## ---------------------- ##
## Running config.status. ##
## ---------------------- ##

This file was extended by  config.status , which was
generated by GNU Autoconf 2.61.  Invocation command line was

  CONFIG_FILES    = 
  CONFIG_HEADERS  = 
  CONFIG_LINKS    = 
  CONFIG_COMMANDS = 
  $ ./config.status 

on RouterVM

config.status:637: creating Makefile
config.status:637: creating firewall/Makefile
config.status:637: creating httpd/Makefile
config.status:637: creating inet.d/Makefile
config.status:637: creating src/Makefile
config.status:637: creating sudo/Makefile
config.status:637: creating web/Makefile
config.status:637: creating web/inc/Makefile
config.status:637: creating web/scripts/Makefile
config.status:637: creating web/scripts/admin/Makefile
config.status:828: executing depfiles commands

## ---------------- ##
## Cache variables. ##
## ---------------- ##

ac_cv_c_compiler_gnu=yes
ac_cv_c_const=yes
ac_cv_cxx_compiler_gnu=yes
ac_cv_env_CCC_set=
ac_cv_env_CCC_value=
ac_cv_env_CC_set=
ac_cv_env_CC_value=
ac_cv_env_CFLAGS_set=
ac_cv_env_CFLAGS_value=
ac_cv_env_CPPFLAGS_set=
ac_cv_env_CPPFLAGS_value=
ac_cv_env_CPP_set=
ac_cv_env_CPP_value=
ac_cv_env_CXXFLAGS_set=
ac_cv_env_CXXFLAGS_value=
ac_cv_env_CXX_set=
ac_cv_env_CXX_value=
ac_cv_env_LDFLAGS_set=
ac_cv_env_LDFLAGS_value=
ac_cv_env_LIBS_set=
ac_cv_env_LIBS_value=
ac_cv_env_build_alias_set=
ac_cv_env_build_alias_value=
ac_cv_env_host_alias_set=
ac_cv_env_host_alias_value=
ac_cv_env_target_alias_set=
ac_cv_env_target_alias_value=
ac_cv_header_inttypes_h=yes
ac_cv_header_memory_h=yes
ac_cv_header_stdbool_h=yes
ac_cv_header_stdc=yes
ac_cv_header_stdint_h=yes
ac_cv_header_stdlib_h=yes
ac_cv_header_string_h=yes
ac_cv_header_strings_h=yes
ac_cv_header_sys_stat_h=yes
ac_cv_header_sys_types_h=yes
ac_cv_header_unistd_h=yes
ac_cv_objext=o
ac_cv_path_EGREP='/bin/grep -E'
ac_cv_path_GREP=/bin/grep
ac_cv_path_install='/usr/bin/install -c'
ac_cv_path_mkdir=/bin/mkdir
ac_cv_prog_AWK=mawk
ac_cv_prog_CPP='gcc -E'
ac_cv_prog_IFCONIFG=yes
ac_cv_prog_IPTABLES=yes
ac_cv_prog_SUDO=yes
ac_cv_prog_WOL=yes
ac_cv_prog_ac_ct_CC=gcc
ac_cv_prog_ac_ct_CXX=g++
ac_cv_prog_cc_c89=
ac_cv_prog_cc_g=yes
ac_cv_prog_cxx_g=yes
ac_cv_prog_make_make_set=yes
ac_cv_type__Bool=yes
am_cv_CC_dependencies_compiler_type=gcc3
am_cv_CXX_dependencies_compiler_type=gcc3

## ----------------- ##
## Output variables. ##
## ----------------- ##

ACLOCAL='${SHELL} /root/svn_projects/elwood-r32/missing --run aclocal-1.10'
AMDEPBACKSLASH='\'
AMDEP_FALSE='#'
AMDEP_TRUE=''
AMTAR='${SHELL} /root/svn_projects/elwood-r32/missing --run tar'
AUTOCONF='${SHELL} /root/svn_projects/elwood-r32/missing --run autoconf'
AUTOHEADER='${SHELL} /root/svn_projects/elwood-r32/missing --run autoheader'
AUTOMAKE='${SHELL} /root/svn_projects/elwood-r32/missing --run automake-1.10'
AWK='mawk'
CC='gcc'
CCDEPMODE='depmode=gcc3'
CFLAGS='-g -O2'
CPP='gcc -E'
CPPFLAGS=''
CXX='g++'
CXXDEPMODE='depmode=gcc3'
CXXFLAGS='-g -O2'
CYGPATH_W='echo'
DEFS='-DPACKAGE_NAME=\"\$$PACKAGE\" -DPACKAGE_TARNAME=\"-package\" -DPACKAGE_VERSION=\"\$$VERSION\" -DPACKAGE_STRING=\"\$$PACKAGE\ \$$VERSION\" -DPACKAGE_BUGREPORT=\"pak9rabid@yahoo.com\" -DPACKAGE=\"\" -DVERSION=\"\" -DSTDC_HEADERS=1 -DHAVE_SYS_TYPES_H=1 -DHAVE_SYS_STAT_H=1 -DHAVE_STDLIB_H=1 -DHAVE_STRING_H=1 -DHAVE_MEMORY_H=1 -DHAVE_STRINGS_H=1 -DHAVE_INTTYPES_H=1 -DHAVE_STDINT_H=1 -DHAVE_UNISTD_H=1 -DHAVE_STDLIB_H=1 -DHAVE_STRING_H=1 -DHAVE_UNISTD_H=1 -DHAVE__BOOL=1 -DHAVE_STDBOOL_H=1'
DEPDIR='.deps'
ECHO_C=''
ECHO_N='-n'
ECHO_T=''
EGREP='/bin/grep -E'
EXEEXT=''
GREP='/bin/grep'
IFCONIFG='yes'
INSTALL_DATA='${INSTALL} -m 644'
INSTALL_PROGRAM='${INSTALL}'
INSTALL_SCRIPT='${INSTALL}'
INSTALL_STRIP_PROGRAM='$(install_sh) -c -s'
IPTABLES='yes'
LDFLAGS=''
LIBOBJS=''
LIBS=''
LTLIBOBJS=''
MAKEINFO='${SHELL} /root/svn_projects/elwood-r32/missing --run makeinfo'
OBJEXT='o'
PACKAGE=''
PACKAGE_BUGREPORT='pak9rabid@yahoo.com'
PACKAGE_NAME='$PACKAGE'
PACKAGE_STRING='$PACKAGE $VERSION'
PACKAGE_TARNAME='-package'
PACKAGE_VERSION='$VERSION'
PATH_SEPARATOR=':'
SET_MAKE=''
SHELL='/bin/sh'
STRIP=''
SUDO='yes'
VERSION=''
WOL='yes'
ac_ct_CC='gcc'
ac_ct_CXX='g++'
am__fastdepCC_FALSE='#'
am__fastdepCC_TRUE=''
am__fastdepCXX_FALSE='#'
am__fastdepCXX_TRUE=''
am__include='include'
am__isrc=''
am__leading_dot='.'
am__quote=''
am__tar='${AMTAR} chof - "$$tardir"'
am__untar='${AMTAR} xf -'
bindir='${exec_prefix}/bin'
build_alias=''
datadir='${datarootdir}'
datarootdir='${prefix}/share'
docdir='${datarootdir}/doc/${PACKAGE_TARNAME}'
dvidir='${docdir}'
exec_prefix='${prefix}'
host_alias=''
htmldir='${docdir}'
includedir='${prefix}/include'
infodir='${datarootdir}/info'
install_sh='$(SHELL) /root/svn_projects/elwood-r32/install-sh'
libdir='${exec_prefix}/lib'
libexecdir='${exec_prefix}/libexec'
localedir='${datarootdir}/locale'
localstatedir='${prefix}/var'
mandir='${datarootdir}/man'
mkdir_p='/bin/mkdir -p'
oldincludedir='/usr/include'
pdfdir='${docdir}'
prefix='/usr/local'
program_transform_name='s,x,x,'
psdir='${docdir}'
sbindir='${exec_prefix}/sbin'
sharedstatedir='${prefix}/com'
sysconfdir='${prefix}/etc'
target_alias=''

## ----------- ##
## confdefs.h. ##
## ----------- ##

#define PACKAGE_NAME "$PACKAGE"
#define PACKAGE_TARNAME "-package"
#define PACKAGE_VERSION "$VERSION"
#define PACKAGE_STRING "$PACKAGE $VERSION"
#define PACKAGE_BUGREPORT "pak9rabid@yahoo.com"
#define PACKAGE ""
#define VERSION ""
#define STDC_HEADERS 1
#define HAVE_SYS_TYPES_H 1
#define HAVE_SYS_STAT_H 1
#define HAVE_STDLIB_H 1
#define HAVE_STRING_H 1
#define HAVE_MEMORY_H 1
#define HAVE_STRINGS_H 1
#define HAVE_INTTYPES_H 1
#define HAVE_STDINT_H 1
#define HAVE_UNISTD_H 1
#define HAVE_STDLIB_H 1
#define HAVE_STRING_H 1
#define HAVE_UNISTD_H 1
#define HAVE__BOOL 1
#define HAVE_STDBOOL_H 1

configure: exit 0
